<?xml version="1.0" encoding="UTF-8"?>
<!-- Generated by org.testng.reporters.JUnitXMLReporter -->
<testsuite ignored="0" hostname="COL-LT-231114C" failures="0" tests="14" name="Default test" time="3.369" errors="0" timestamp="2025-01-22T14:56:42 COT">
  <testcase classname="com.api.AirlineManagementSystemSpring.AirlineManagementSystemSpringApplicationTests" name="testCancelReservation_IncorrectPNR" time="1.558"/>
  <testcase classname="com.api.AirlineManagementSystemSpring.AirlineManagementSystemSpringApplicationTests" name="testCancelReservation_PNREmpty" time="0.043"/>
  <testcase classname="com.api.AirlineManagementSystemSpring.AirlineManagementSystemSpringApplicationTests" name="testCreatePassenger_AadharOrNameEmpty" time="0.056"/>
  <testcase classname="com.api.AirlineManagementSystemSpring.AirlineManagementSystemSpringApplicationTests" name="testCreateReservation_AadharNotExists" time="0.087"/>
  <testcase classname="com.api.AirlineManagementSystemSpring.AirlineManagementSystemSpringApplicationTests" name="testCreateReservation_SourceOrDestinationOrAadharOrDateEmpty" time="0.067"/>
  <testcase classname="com.api.AirlineManagementSystemSpring.AirlineManagementSystemSpringApplicationTests" name="testGetJourneyDetails_IncorrectPNR" time="0.064"/>
  <testcase classname="com.api.AirlineManagementSystemSpring.AirlineManagementSystemSpringApplicationTests" name="testGetJourneyDetails_PNREmpty" time="0.02"/>
  <testcase classname="com.api.AirlineManagementSystemSpring.AirlineManagementSystemSpringApplicationTests" name="testCreatePassenger_success" time="0.13"/>
  <testcase classname="com.api.AirlineManagementSystemSpring.AirlineManagementSystemSpringApplicationTests" name="testCreatePassenger_AadharAlreadyExists" time="0.058"/>
  <testcase classname="com.api.AirlineManagementSystemSpring.AirlineManagementSystemSpringApplicationTests" name="testListFlights" time="0.046"/>
  <testcase classname="com.api.AirlineManagementSystemSpring.AirlineManagementSystemSpringApplicationTests" name="testCreateReservation_IncorrectSourceOrDestination" time="0.064"/>
  <testcase classname="com.api.AirlineManagementSystemSpring.AirlineManagementSystemSpringApplicationTests" name="testCreateReservation_success" time="0.168"/>
  <testcase classname="com.api.AirlineManagementSystemSpring.AirlineManagementSystemSpringApplicationTests" name="testGetJourneyDetails_success" time="0.053"/>
  <testcase classname="com.api.AirlineManagementSystemSpring.AirlineManagementSystemSpringApplicationTests" name="testCancelReservation_success" time="0.15"/>
</testsuite> <!-- Default test -->
