<?xml version="1.0" encoding="UTF-8"?>
<!-- Generated by org.testng.reporters.JUnitXMLReporter -->
<testsuite ignored="0" hostname="COL-LT-231114C" failures="0" tests="14" name="Default test" time="1.837" errors="0" timestamp="2025-05-19T12:31:37 COT">
  <testcase classname="com.api.AirlineManagementSystemSpring.AirlineManagementSystemSpringApplicationTests" name="testCancelReservation_IncorrectPNR" time="0.828"/>
  <testcase classname="com.api.AirlineManagementSystemSpring.AirlineManagementSystemSpringApplicationTests" name="testCancelReservation_PNREmpty" time="0.031"/>
  <testcase classname="com.api.AirlineManagementSystemSpring.AirlineManagementSystemSpringApplicationTests" name="testCreatePassenger_AadharOrNameEmpty" time="0.035"/>
  <testcase classname="com.api.AirlineManagementSystemSpring.AirlineManagementSystemSpringApplicationTests" name="testCreateReservation_AadharNotExists" time="0.039"/>
  <testcase classname="com.api.AirlineManagementSystemSpring.AirlineManagementSystemSpringApplicationTests" name="testCreateReservation_SourceOrDestinationOrAadharOrDateEmpty" time="0.076"/>
  <testcase classname="com.api.AirlineManagementSystemSpring.AirlineManagementSystemSpringApplicationTests" name="testGetJourneyDetails_IncorrectPNR" time="0.028"/>
  <testcase classname="com.api.AirlineManagementSystemSpring.AirlineManagementSystemSpringApplicationTests" name="testGetJourneyDetails_PNREmpty" time="0.012"/>
  <testcase classname="com.api.AirlineManagementSystemSpring.AirlineManagementSystemSpringApplicationTests" name="testCreatePassenger_success" time="0.03"/>
  <testcase classname="com.api.AirlineManagementSystemSpring.AirlineManagementSystemSpringApplicationTests" name="testCreatePassenger_AadharAlreadyExists" time="0.021"/>
  <testcase classname="com.api.AirlineManagementSystemSpring.AirlineManagementSystemSpringApplicationTests" name="testListFlights" time="0.15"/>
  <testcase classname="com.api.AirlineManagementSystemSpring.AirlineManagementSystemSpringApplicationTests" name="testCreateReservation_IncorrectSourceOrDestination" time="0.02"/>
  <testcase classname="com.api.AirlineManagementSystemSpring.AirlineManagementSystemSpringApplicationTests" name="testCreateReservation_success" time="0.035"/>
  <testcase classname="com.api.AirlineManagementSystemSpring.AirlineManagementSystemSpringApplicationTests" name="testGetJourneyDetails_success" time="0.017"/>
  <testcase classname="com.api.AirlineManagementSystemSpring.AirlineManagementSystemSpringApplicationTests" name="testCancelReservation_success" time="0.031"/>
</testsuite> <!-- Default test -->
