<?xml version="1.0" encoding="UTF-8"?>
<testng-results ignored="0" total="14" passed="14" failed="0" skipped="0">
  <reporter-output>
  </reporter-output>
  <suite started-at="2025-01-22T14:56:38 COT" name="Default suite" finished-at="2025-01-22T14:56:42 COT" duration-ms="3369">
    <groups>
    </groups>
    <test started-at="2025-01-22T14:56:38 COT" name="Default test" finished-at="2025-01-22T14:56:42 COT" duration-ms="3369">
      <class name="com.api.AirlineManagementSystemSpring.AirlineManagementSystemSpringApplicationTests">
        <test-method is-config="true" signature="createRestSpecification()[pri:0, instance:com.api.AirlineManagementSystemSpring.AirlineManagementSystemSpringApplicationTests@3e84448c]" started-at="2025-01-22T14:56:38 COT" name="createRestSpecification" finished-at="2025-01-22T14:56:39 COT" duration-ms="686" status="PASS">
          <reporter-output>
          </reporter-output>
        </test-method> <!-- createRestSpecification -->
        <test-method signature="testCancelReservation_IncorrectPNR()[pri:0, instance:com.api.AirlineManagementSystemSpring.AirlineManagementSystemSpringApplicationTests@3e84448c]" started-at="2025-01-22T14:56:39 COT" name="testCancelReservation_IncorrectPNR" finished-at="2025-01-22T14:56:41 COT" duration-ms="1558" status="PASS">
          <reporter-output>
          </reporter-output>
        </test-method> <!-- testCancelReservation_IncorrectPNR -->
        <test-method is-config="true" signature="createRestSpecification()[pri:0, instance:com.api.AirlineManagementSystemSpring.AirlineManagementSystemSpringApplicationTests@3e84448c]" started-at="2025-01-22T14:56:41 COT" name="createRestSpecification" finished-at="2025-01-22T14:56:41 COT" duration-ms="4" status="PASS">
          <reporter-output>
          </reporter-output>
        </test-method> <!-- createRestSpecification -->
        <test-method signature="testCancelReservation_PNREmpty()[pri:0, instance:com.api.AirlineManagementSystemSpring.AirlineManagementSystemSpringApplicationTests@3e84448c]" started-at="2025-01-22T14:56:41 COT" name="testCancelReservation_PNREmpty" finished-at="2025-01-22T14:56:41 COT" duration-ms="43" status="PASS">
          <reporter-output>
          </reporter-output>
        </test-method> <!-- testCancelReservation_PNREmpty -->
        <test-method is-config="true" signature="createRestSpecification()[pri:0, instance:com.api.AirlineManagementSystemSpring.AirlineManagementSystemSpringApplicationTests@3e84448c]" started-at="2025-01-22T14:56:41 COT" name="createRestSpecification" finished-at="2025-01-22T14:56:41 COT" duration-ms="2" status="PASS">
          <reporter-output>
          </reporter-output>
        </test-method> <!-- createRestSpecification -->
        <test-method signature="testCreatePassenger_AadharOrNameEmpty()[pri:0, instance:com.api.AirlineManagementSystemSpring.AirlineManagementSystemSpringApplicationTests@3e84448c]" started-at="2025-01-22T14:56:41 COT" name="testCreatePassenger_AadharOrNameEmpty" finished-at="2025-01-22T14:56:41 COT" duration-ms="56" status="PASS">
          <reporter-output>
          </reporter-output>
        </test-method> <!-- testCreatePassenger_AadharOrNameEmpty -->
        <test-method is-config="true" signature="createRestSpecification()[pri:0, instance:com.api.AirlineManagementSystemSpring.AirlineManagementSystemSpringApplicationTests@3e84448c]" started-at="2025-01-22T14:56:41 COT" name="createRestSpecification" finished-at="2025-01-22T14:56:41 COT" duration-ms="3" status="PASS">
          <reporter-output>
          </reporter-output>
        </test-method> <!-- createRestSpecification -->
        <test-method signature="testCreateReservation_AadharNotExists()[pri:0, instance:com.api.AirlineManagementSystemSpring.AirlineManagementSystemSpringApplicationTests@3e84448c]" started-at="2025-01-22T14:56:41 COT" name="testCreateReservation_AadharNotExists" finished-at="2025-01-22T14:56:41 COT" duration-ms="87" status="PASS">
          <reporter-output>
          </reporter-output>
        </test-method> <!-- testCreateReservation_AadharNotExists -->
        <test-method is-config="true" signature="createRestSpecification()[pri:0, instance:com.api.AirlineManagementSystemSpring.AirlineManagementSystemSpringApplicationTests@3e84448c]" started-at="2025-01-22T14:56:41 COT" name="createRestSpecification" finished-at="2025-01-22T14:56:41 COT" duration-ms="2" status="PASS">
          <reporter-output>
          </reporter-output>
        </test-method> <!-- createRestSpecification -->
        <test-method signature="testCreateReservation_SourceOrDestinationOrAadharOrDateEmpty()[pri:0, instance:com.api.AirlineManagementSystemSpring.AirlineManagementSystemSpringApplicationTests@3e84448c]" started-at="2025-01-22T14:56:41 COT" name="testCreateReservation_SourceOrDestinationOrAadharOrDateEmpty" finished-at="2025-01-22T14:56:41 COT" duration-ms="67" status="PASS">
          <reporter-output>
          </reporter-output>
        </test-method> <!-- testCreateReservation_SourceOrDestinationOrAadharOrDateEmpty -->
        <test-method is-config="true" signature="createRestSpecification()[pri:0, instance:com.api.AirlineManagementSystemSpring.AirlineManagementSystemSpringApplicationTests@3e84448c]" started-at="2025-01-22T14:56:41 COT" name="createRestSpecification" finished-at="2025-01-22T14:56:41 COT" duration-ms="2" status="PASS">
          <reporter-output>
          </reporter-output>
        </test-method> <!-- createRestSpecification -->
        <test-method signature="testGetJourneyDetails_IncorrectPNR()[pri:0, instance:com.api.AirlineManagementSystemSpring.AirlineManagementSystemSpringApplicationTests@3e84448c]" started-at="2025-01-22T14:56:41 COT" name="testGetJourneyDetails_IncorrectPNR" finished-at="2025-01-22T14:56:41 COT" duration-ms="64" status="PASS">
          <reporter-output>
          </reporter-output>
        </test-method> <!-- testGetJourneyDetails_IncorrectPNR -->
        <test-method is-config="true" signature="createRestSpecification()[pri:0, instance:com.api.AirlineManagementSystemSpring.AirlineManagementSystemSpringApplicationTests@3e84448c]" started-at="2025-01-22T14:56:41 COT" name="createRestSpecification" finished-at="2025-01-22T14:56:41 COT" duration-ms="2" status="PASS">
          <reporter-output>
          </reporter-output>
        </test-method> <!-- createRestSpecification -->
        <test-method signature="testGetJourneyDetails_PNREmpty()[pri:0, instance:com.api.AirlineManagementSystemSpring.AirlineManagementSystemSpringApplicationTests@3e84448c]" started-at="2025-01-22T14:56:41 COT" name="testGetJourneyDetails_PNREmpty" finished-at="2025-01-22T14:56:41 COT" duration-ms="20" status="PASS">
          <reporter-output>
          </reporter-output>
        </test-method> <!-- testGetJourneyDetails_PNREmpty -->
        <test-method is-config="true" signature="createRestSpecification()[pri:0, instance:com.api.AirlineManagementSystemSpring.AirlineManagementSystemSpringApplicationTests@3e84448c]" started-at="2025-01-22T14:56:41 COT" name="createRestSpecification" finished-at="2025-01-22T14:56:41 COT" duration-ms="3" status="PASS">
          <reporter-output>
          </reporter-output>
        </test-method> <!-- createRestSpecification -->
        <test-method signature="testCreatePassenger_success()[pri:1, instance:com.api.AirlineManagementSystemSpring.AirlineManagementSystemSpringApplicationTests@3e84448c]" started-at="2025-01-22T14:56:41 COT" name="testCreatePassenger_success" finished-at="2025-01-22T14:56:41 COT" duration-ms="130" status="PASS">
          <reporter-output>
          </reporter-output>
        </test-method> <!-- testCreatePassenger_success -->
        <test-method is-config="true" signature="createRestSpecification()[pri:0, instance:com.api.AirlineManagementSystemSpring.AirlineManagementSystemSpringApplicationTests@3e84448c]" started-at="2025-01-22T14:56:41 COT" name="createRestSpecification" finished-at="2025-01-22T14:56:41 COT" duration-ms="5" status="PASS">
          <reporter-output>
          </reporter-output>
        </test-method> <!-- createRestSpecification -->
        <test-method signature="testCreatePassenger_AadharAlreadyExists()[pri:1, instance:com.api.AirlineManagementSystemSpring.AirlineManagementSystemSpringApplicationTests@3e84448c]" started-at="2025-01-22T14:56:41 COT" name="testCreatePassenger_AadharAlreadyExists" finished-at="2025-01-22T14:56:41 COT" depends-on-methods="com.api.AirlineManagementSystemSpring.AirlineManagementSystemSpringApplicationTests.testCreatePassenger_success" duration-ms="58" status="PASS">
          <reporter-output>
          </reporter-output>
        </test-method> <!-- testCreatePassenger_AadharAlreadyExists -->
        <test-method is-config="true" signature="createRestSpecification()[pri:0, instance:com.api.AirlineManagementSystemSpring.AirlineManagementSystemSpringApplicationTests@3e84448c]" started-at="2025-01-22T14:56:41 COT" name="createRestSpecification" finished-at="2025-01-22T14:56:41 COT" duration-ms="3" status="PASS">
          <reporter-output>
          </reporter-output>
        </test-method> <!-- createRestSpecification -->
        <test-method signature="testListFlights()[pri:1, instance:com.api.AirlineManagementSystemSpring.AirlineManagementSystemSpringApplicationTests@3e84448c]" started-at="2025-01-22T14:56:41 COT" name="testListFlights" finished-at="2025-01-22T14:56:41 COT" duration-ms="46" status="PASS">
          <reporter-output>
          </reporter-output>
        </test-method> <!-- testListFlights -->
        <test-method is-config="true" signature="createRestSpecification()[pri:0, instance:com.api.AirlineManagementSystemSpring.AirlineManagementSystemSpringApplicationTests@3e84448c]" started-at="2025-01-22T14:56:41 COT" name="createRestSpecification" finished-at="2025-01-22T14:56:41 COT" duration-ms="2" status="PASS">
          <reporter-output>
          </reporter-output>
        </test-method> <!-- createRestSpecification -->
        <test-method signature="testCreateReservation_IncorrectSourceOrDestination()[pri:2, instance:com.api.AirlineManagementSystemSpring.AirlineManagementSystemSpringApplicationTests@3e84448c]" started-at="2025-01-22T14:56:41 COT" name="testCreateReservation_IncorrectSourceOrDestination" finished-at="2025-01-22T14:56:41 COT" depends-on-methods="com.api.AirlineManagementSystemSpring.AirlineManagementSystemSpringApplicationTests.testCreatePassenger_success" duration-ms="64" status="PASS">
          <reporter-output>
          </reporter-output>
        </test-method> <!-- testCreateReservation_IncorrectSourceOrDestination -->
        <test-method is-config="true" signature="createRestSpecification()[pri:0, instance:com.api.AirlineManagementSystemSpring.AirlineManagementSystemSpringApplicationTests@3e84448c]" started-at="2025-01-22T14:56:41 COT" name="createRestSpecification" finished-at="2025-01-22T14:56:41 COT" duration-ms="1" status="PASS">
          <reporter-output>
          </reporter-output>
        </test-method> <!-- createRestSpecification -->
        <test-method signature="testCreateReservation_success()[pri:2, instance:com.api.AirlineManagementSystemSpring.AirlineManagementSystemSpringApplicationTests@3e84448c]" started-at="2025-01-22T14:56:41 COT" name="testCreateReservation_success" finished-at="2025-01-22T14:56:41 COT" depends-on-methods="com.api.AirlineManagementSystemSpring.AirlineManagementSystemSpringApplicationTests.testCreatePassenger_success" duration-ms="168" status="PASS">
          <reporter-output>
          </reporter-output>
        </test-method> <!-- testCreateReservation_success -->
        <test-method is-config="true" signature="createRestSpecification()[pri:0, instance:com.api.AirlineManagementSystemSpring.AirlineManagementSystemSpringApplicationTests@3e84448c]" started-at="2025-01-22T14:56:41 COT" name="createRestSpecification" finished-at="2025-01-22T14:56:41 COT" duration-ms="2" status="PASS">
          <reporter-output>
          </reporter-output>
        </test-method> <!-- createRestSpecification -->
        <test-method signature="testGetJourneyDetails_success()[pri:3, instance:com.api.AirlineManagementSystemSpring.AirlineManagementSystemSpringApplicationTests@3e84448c]" started-at="2025-01-22T14:56:41 COT" name="testGetJourneyDetails_success" finished-at="2025-01-22T14:56:42 COT" depends-on-methods="com.api.AirlineManagementSystemSpring.AirlineManagementSystemSpringApplicationTests.testCreateReservation_success" duration-ms="53" status="PASS">
          <reporter-output>
          </reporter-output>
        </test-method> <!-- testGetJourneyDetails_success -->
        <test-method is-config="true" signature="createRestSpecification()[pri:0, instance:com.api.AirlineManagementSystemSpring.AirlineManagementSystemSpringApplicationTests@3e84448c]" started-at="2025-01-22T14:56:42 COT" name="createRestSpecification" finished-at="2025-01-22T14:56:42 COT" duration-ms="2" status="PASS">
          <reporter-output>
          </reporter-output>
        </test-method> <!-- createRestSpecification -->
        <test-method signature="testCancelReservation_success()[pri:4, instance:com.api.AirlineManagementSystemSpring.AirlineManagementSystemSpringApplicationTests@3e84448c]" started-at="2025-01-22T14:56:42 COT" name="testCancelReservation_success" finished-at="2025-01-22T14:56:42 COT" depends-on-methods="com.api.AirlineManagementSystemSpring.AirlineManagementSystemSpringApplicationTests.testCreateReservation_success" duration-ms="150" status="PASS">
          <reporter-output>
          </reporter-output>
        </test-method> <!-- testCancelReservation_success -->
      </class> <!-- com.api.AirlineManagementSystemSpring.AirlineManagementSystemSpringApplicationTests -->
    </test> <!-- Default test -->
  </suite> <!-- Default suite -->
</testng-results>
