<?xml version="1.0" encoding="UTF-8"?>
<testng-results ignored="0" total="14" passed="14" failed="0" skipped="0">
  <reporter-output>
  </reporter-output>
  <suite started-at="2025-05-19T12:31:35 COT" name="Default suite" finished-at="2025-05-19T12:31:37 COT" duration-ms="1837">
    <groups>
    </groups>
    <test started-at="2025-05-19T12:31:35 COT" name="Default test" finished-at="2025-05-19T12:31:37 COT" duration-ms="1837">
      <class name="com.api.AirlineManagementSystemSpring.AirlineManagementSystemSpringApplicationTests">
        <test-method is-config="true" signature="createRestSpecification()[pri:0, instance:com.api.AirlineManagementSystemSpring.AirlineManagementSystemSpringApplicationTests@6f1c29b7]" started-at="2025-05-19T12:31:35 COT" name="createRestSpecification" finished-at="2025-05-19T12:31:35 COT" duration-ms="411" status="PASS">
          <reporter-output>
          </reporter-output>
        </test-method> <!-- createRestSpecification -->
        <test-method signature="testCancelReservation_IncorrectPNR()[pri:0, instance:com.api.AirlineManagementSystemSpring.AirlineManagementSystemSpringApplicationTests@6f1c29b7]" started-at="2025-05-19T12:31:35 COT" name="testCancelReservation_IncorrectPNR" finished-at="2025-05-19T12:31:36 COT" duration-ms="828" status="PASS">
          <reporter-output>
          </reporter-output>
        </test-method> <!-- testCancelReservation_IncorrectPNR -->
        <test-method is-config="true" signature="createRestSpecification()[pri:0, instance:com.api.AirlineManagementSystemSpring.AirlineManagementSystemSpringApplicationTests@6f1c29b7]" started-at="2025-05-19T12:31:36 COT" name="createRestSpecification" finished-at="2025-05-19T12:31:36 COT" duration-ms="4" status="PASS">
          <reporter-output>
          </reporter-output>
        </test-method> <!-- createRestSpecification -->
        <test-method signature="testCancelReservation_PNREmpty()[pri:0, instance:com.api.AirlineManagementSystemSpring.AirlineManagementSystemSpringApplicationTests@6f1c29b7]" started-at="2025-05-19T12:31:36 COT" name="testCancelReservation_PNREmpty" finished-at="2025-05-19T12:31:36 COT" duration-ms="31" status="PASS">
          <reporter-output>
          </reporter-output>
        </test-method> <!-- testCancelReservation_PNREmpty -->
        <test-method is-config="true" signature="createRestSpecification()[pri:0, instance:com.api.AirlineManagementSystemSpring.AirlineManagementSystemSpringApplicationTests@6f1c29b7]" started-at="2025-05-19T12:31:36 COT" name="createRestSpecification" finished-at="2025-05-19T12:31:36 COT" duration-ms="2" status="PASS">
          <reporter-output>
          </reporter-output>
        </test-method> <!-- createRestSpecification -->
        <test-method signature="testCreatePassenger_AadharOrNameEmpty()[pri:0, instance:com.api.AirlineManagementSystemSpring.AirlineManagementSystemSpringApplicationTests@6f1c29b7]" started-at="2025-05-19T12:31:36 COT" name="testCreatePassenger_AadharOrNameEmpty" finished-at="2025-05-19T12:31:36 COT" duration-ms="35" status="PASS">
          <reporter-output>
          </reporter-output>
        </test-method> <!-- testCreatePassenger_AadharOrNameEmpty -->
        <test-method is-config="true" signature="createRestSpecification()[pri:0, instance:com.api.AirlineManagementSystemSpring.AirlineManagementSystemSpringApplicationTests@6f1c29b7]" started-at="2025-05-19T12:31:36 COT" name="createRestSpecification" finished-at="2025-05-19T12:31:36 COT" duration-ms="1" status="PASS">
          <reporter-output>
          </reporter-output>
        </test-method> <!-- createRestSpecification -->
        <test-method signature="testCreateReservation_AadharNotExists()[pri:0, instance:com.api.AirlineManagementSystemSpring.AirlineManagementSystemSpringApplicationTests@6f1c29b7]" started-at="2025-05-19T12:31:36 COT" name="testCreateReservation_AadharNotExists" finished-at="2025-05-19T12:31:36 COT" duration-ms="39" status="PASS">
          <reporter-output>
          </reporter-output>
        </test-method> <!-- testCreateReservation_AadharNotExists -->
        <test-method is-config="true" signature="createRestSpecification()[pri:0, instance:com.api.AirlineManagementSystemSpring.AirlineManagementSystemSpringApplicationTests@6f1c29b7]" started-at="2025-05-19T12:31:36 COT" name="createRestSpecification" finished-at="2025-05-19T12:31:36 COT" duration-ms="2" status="PASS">
          <reporter-output>
          </reporter-output>
        </test-method> <!-- createRestSpecification -->
        <test-method signature="testCreateReservation_SourceOrDestinationOrAadharOrDateEmpty()[pri:0, instance:com.api.AirlineManagementSystemSpring.AirlineManagementSystemSpringApplicationTests@6f1c29b7]" started-at="2025-05-19T12:31:36 COT" name="testCreateReservation_SourceOrDestinationOrAadharOrDateEmpty" finished-at="2025-05-19T12:31:36 COT" duration-ms="76" status="PASS">
          <reporter-output>
          </reporter-output>
        </test-method> <!-- testCreateReservation_SourceOrDestinationOrAadharOrDateEmpty -->
        <test-method is-config="true" signature="createRestSpecification()[pri:0, instance:com.api.AirlineManagementSystemSpring.AirlineManagementSystemSpringApplicationTests@6f1c29b7]" started-at="2025-05-19T12:31:36 COT" name="createRestSpecification" finished-at="2025-05-19T12:31:36 COT" duration-ms="2" status="PASS">
          <reporter-output>
          </reporter-output>
        </test-method> <!-- createRestSpecification -->
        <test-method signature="testGetJourneyDetails_IncorrectPNR()[pri:0, instance:com.api.AirlineManagementSystemSpring.AirlineManagementSystemSpringApplicationTests@6f1c29b7]" started-at="2025-05-19T12:31:36 COT" name="testGetJourneyDetails_IncorrectPNR" finished-at="2025-05-19T12:31:36 COT" duration-ms="28" status="PASS">
          <reporter-output>
          </reporter-output>
        </test-method> <!-- testGetJourneyDetails_IncorrectPNR -->
        <test-method is-config="true" signature="createRestSpecification()[pri:0, instance:com.api.AirlineManagementSystemSpring.AirlineManagementSystemSpringApplicationTests@6f1c29b7]" started-at="2025-05-19T12:31:36 COT" name="createRestSpecification" finished-at="2025-05-19T12:31:36 COT" duration-ms="2" status="PASS">
          <reporter-output>
          </reporter-output>
        </test-method> <!-- createRestSpecification -->
        <test-method signature="testGetJourneyDetails_PNREmpty()[pri:0, instance:com.api.AirlineManagementSystemSpring.AirlineManagementSystemSpringApplicationTests@6f1c29b7]" started-at="2025-05-19T12:31:36 COT" name="testGetJourneyDetails_PNREmpty" finished-at="2025-05-19T12:31:36 COT" duration-ms="12" status="PASS">
          <reporter-output>
          </reporter-output>
        </test-method> <!-- testGetJourneyDetails_PNREmpty -->
        <test-method is-config="true" signature="createRestSpecification()[pri:0, instance:com.api.AirlineManagementSystemSpring.AirlineManagementSystemSpringApplicationTests@6f1c29b7]" started-at="2025-05-19T12:31:36 COT" name="createRestSpecification" finished-at="2025-05-19T12:31:36 COT" duration-ms="3" status="PASS">
          <reporter-output>
          </reporter-output>
        </test-method> <!-- createRestSpecification -->
        <test-method signature="testCreatePassenger_success()[pri:1, instance:com.api.AirlineManagementSystemSpring.AirlineManagementSystemSpringApplicationTests@6f1c29b7]" started-at="2025-05-19T12:31:36 COT" name="testCreatePassenger_success" finished-at="2025-05-19T12:31:36 COT" duration-ms="30" status="PASS">
          <reporter-output>
          </reporter-output>
        </test-method> <!-- testCreatePassenger_success -->
        <test-method is-config="true" signature="createRestSpecification()[pri:0, instance:com.api.AirlineManagementSystemSpring.AirlineManagementSystemSpringApplicationTests@6f1c29b7]" started-at="2025-05-19T12:31:36 COT" name="createRestSpecification" finished-at="2025-05-19T12:31:36 COT" duration-ms="1" status="PASS">
          <reporter-output>
          </reporter-output>
        </test-method> <!-- createRestSpecification -->
        <test-method signature="testCreatePassenger_AadharAlreadyExists()[pri:1, instance:com.api.AirlineManagementSystemSpring.AirlineManagementSystemSpringApplicationTests@6f1c29b7]" started-at="2025-05-19T12:31:36 COT" name="testCreatePassenger_AadharAlreadyExists" finished-at="2025-05-19T12:31:36 COT" depends-on-methods="com.api.AirlineManagementSystemSpring.AirlineManagementSystemSpringApplicationTests.testCreatePassenger_success" duration-ms="21" status="PASS">
          <reporter-output>
          </reporter-output>
        </test-method> <!-- testCreatePassenger_AadharAlreadyExists -->
        <test-method is-config="true" signature="createRestSpecification()[pri:0, instance:com.api.AirlineManagementSystemSpring.AirlineManagementSystemSpringApplicationTests@6f1c29b7]" started-at="2025-05-19T12:31:36 COT" name="createRestSpecification" finished-at="2025-05-19T12:31:36 COT" duration-ms="1" status="PASS">
          <reporter-output>
          </reporter-output>
        </test-method> <!-- createRestSpecification -->
        <test-method signature="testListFlights()[pri:1, instance:com.api.AirlineManagementSystemSpring.AirlineManagementSystemSpringApplicationTests@6f1c29b7]" started-at="2025-05-19T12:31:36 COT" name="testListFlights" finished-at="2025-05-19T12:31:36 COT" duration-ms="150" status="PASS">
          <reporter-output>
          </reporter-output>
        </test-method> <!-- testListFlights -->
        <test-method is-config="true" signature="createRestSpecification()[pri:0, instance:com.api.AirlineManagementSystemSpring.AirlineManagementSystemSpringApplicationTests@6f1c29b7]" started-at="2025-05-19T12:31:36 COT" name="createRestSpecification" finished-at="2025-05-19T12:31:36 COT" duration-ms="1" status="PASS">
          <reporter-output>
          </reporter-output>
        </test-method> <!-- createRestSpecification -->
        <test-method signature="testCreateReservation_IncorrectSourceOrDestination()[pri:2, instance:com.api.AirlineManagementSystemSpring.AirlineManagementSystemSpringApplicationTests@6f1c29b7]" started-at="2025-05-19T12:31:36 COT" name="testCreateReservation_IncorrectSourceOrDestination" finished-at="2025-05-19T12:31:36 COT" depends-on-methods="com.api.AirlineManagementSystemSpring.AirlineManagementSystemSpringApplicationTests.testCreatePassenger_success" duration-ms="20" status="PASS">
          <reporter-output>
          </reporter-output>
        </test-method> <!-- testCreateReservation_IncorrectSourceOrDestination -->
        <test-method is-config="true" signature="createRestSpecification()[pri:0, instance:com.api.AirlineManagementSystemSpring.AirlineManagementSystemSpringApplicationTests@6f1c29b7]" started-at="2025-05-19T12:31:36 COT" name="createRestSpecification" finished-at="2025-05-19T12:31:37 COT" duration-ms="1" status="PASS">
          <reporter-output>
          </reporter-output>
        </test-method> <!-- createRestSpecification -->
        <test-method signature="testCreateReservation_success()[pri:2, instance:com.api.AirlineManagementSystemSpring.AirlineManagementSystemSpringApplicationTests@6f1c29b7]" started-at="2025-05-19T12:31:37 COT" name="testCreateReservation_success" finished-at="2025-05-19T12:31:37 COT" depends-on-methods="com.api.AirlineManagementSystemSpring.AirlineManagementSystemSpringApplicationTests.testCreatePassenger_success" duration-ms="35" status="PASS">
          <reporter-output>
          </reporter-output>
        </test-method> <!-- testCreateReservation_success -->
        <test-method signature="testGetJourneyDetails_success()[pri:3, instance:com.api.AirlineManagementSystemSpring.AirlineManagementSystemSpringApplicationTests@6f1c29b7]" started-at="2025-05-19T12:31:37 COT" name="testGetJourneyDetails_success" finished-at="2025-05-19T12:31:37 COT" depends-on-methods="com.api.AirlineManagementSystemSpring.AirlineManagementSystemSpringApplicationTests.testCreateReservation_success" duration-ms="17" status="PASS">
          <reporter-output>
          </reporter-output>
        </test-method> <!-- testGetJourneyDetails_success -->
        <test-method is-config="true" signature="createRestSpecification()[pri:0, instance:com.api.AirlineManagementSystemSpring.AirlineManagementSystemSpringApplicationTests@6f1c29b7]" started-at="2025-05-19T12:31:37 COT" name="createRestSpecification" finished-at="2025-05-19T12:31:37 COT" duration-ms="0" status="PASS">
          <reporter-output>
          </reporter-output>
        </test-method> <!-- createRestSpecification -->
        <test-method is-config="true" signature="createRestSpecification()[pri:0, instance:com.api.AirlineManagementSystemSpring.AirlineManagementSystemSpringApplicationTests@6f1c29b7]" started-at="2025-05-19T12:31:37 COT" name="createRestSpecification" finished-at="2025-05-19T12:31:37 COT" duration-ms="1" status="PASS">
          <reporter-output>
          </reporter-output>
        </test-method> <!-- createRestSpecification -->
        <test-method signature="testCancelReservation_success()[pri:4, instance:com.api.AirlineManagementSystemSpring.AirlineManagementSystemSpringApplicationTests@6f1c29b7]" started-at="2025-05-19T12:31:37 COT" name="testCancelReservation_success" finished-at="2025-05-19T12:31:37 COT" depends-on-methods="com.api.AirlineManagementSystemSpring.AirlineManagementSystemSpringApplicationTests.testCreateReservation_success" duration-ms="31" status="PASS">
          <reporter-output>
          </reporter-output>
        </test-method> <!-- testCancelReservation_success -->
      </class> <!-- com.api.AirlineManagementSystemSpring.AirlineManagementSystemSpringApplicationTests -->
    </test> <!-- Default test -->
  </suite> <!-- Default suite -->
</testng-results>
